{"name": "test_1", "status": "failed", "statusDetails": {"message": "AssertionError: 当前 URL 不正确: https://www.baidu.com/s?ie=utf-8&f=8&rsv_bp=1&rsv_idx=1&tn=baidu&wd=1111&fenlei=256&rsv_pq=0x8289bfed00396f27&rsv_t=2933ciuMbLS4MCLIZljBgUiyHxYvqCgzxCXsjG2upR3HOHlyRJt8CkK93oar&rqlang=en&rsv_enter=0&rsv_dl=tb&rsv_sug3=5&rsv_btype=i&inputT=94&rsv_sug4=127\nassert 'qq.com' in 'https://www.baidu.com/s?ie=utf-8&f=8&rsv_bp=1&rsv_idx=1&tn=baidu&wd=1111&fenlei=256&rsv_pq=0x8289bfed00396f27&rsv_t=2933ciuMbLS4MCLIZljBgUiyHxYvqCgzxCXsjG2upR3HOHlyRJt8CkK93oar&rqlang=en&rsv_enter=0&rsv_dl=tb&rsv_sug3=5&rsv_btype=i&inputT=94&rsv_sug4=127'", "trace": "self = <cases.testFeature.test_test1.TestFirst object at 0x0000023F00E3AC10>\n\n    @pytest.mark.demo\n    def test_1(self):\n        # Test name: 1\n        # Step # | name | target | value\n        # 1 | open | / |\n        self.driver.get(\"https://www.baidu.com/\")\n        # 2 | setWindowSize | 1318x1013 |\n        self.driver.set_window_size(1318, 1013)\n        # 3 | click | id=kw |\n        self.driver.find_element(By.ID, \"kw\").click()\n        # 4 | type | id=kw | 1111\n        self.driver.find_element(By.ID, \"kw\").send_keys(\"1111\")\n        # 5 | click | id=su |\n        self.driver.find_element(By.ID, \"su\").click()\n        # 6 | mouseOver | linkText=更多 |\n        element = self.driver.find_element(By.LINK_TEXT, \"更多\")\n        actions = ActionChains(self.driver)\n        actions.move_to_element(element).perform()\n        current_url = self.driver.current_url\n>       assert \"qq.com\" in current_url, f\"当前 URL 不正确: {current_url}\"\nE       AssertionError: 当前 URL 不正确: https://www.baidu.com/s?ie=utf-8&f=8&rsv_bp=1&rsv_idx=1&tn=baidu&wd=1111&fenlei=256&rsv_pq=0x8289bfed00396f27&rsv_t=2933ciuMbLS4MCLIZljBgUiyHxYvqCgzxCXsjG2upR3HOHlyRJt8CkK93oar&rqlang=en&rsv_enter=0&rsv_dl=tb&rsv_sug3=5&rsv_btype=i&inputT=94&rsv_sug4=127\nE       assert 'qq.com' in 'https://www.baidu.com/s?ie=utf-8&f=8&rsv_bp=1&rsv_idx=1&tn=baidu&wd=1111&fenlei=256&rsv_pq=0x8289bfed00396f27&rsv_t=2933ciuMbLS4MCLIZljBgUiyHxYvqCgzxCXsjG2upR3HOHlyRJt8CkK93oar&rqlang=en&rsv_enter=0&rsv_dl=tb&rsv_sug3=5&rsv_btype=i&inputT=94&rsv_sug4=127'\n\ncases\\testFeature\\test_test1.py:28: AssertionError"}, "attachments": [{"name": "log", "source": "3110cd9b-129e-4781-8c32-fabd4fa3e3c5-attachment.txt", "type": "text/plain"}], "start": 1723777703833, "stop": 1723777704725, "uuid": "6ee6b350-ba89-4be6-a939-a2fd3987ebc3", "historyId": "b7a21a00ef5fed8bad0063f763a81fbd", "testCaseId": "b7a21a00ef5fed8bad0063f763a81fbd", "fullName": "suites.test_suit.TestFirst#test_1", "labels": [{"name": "tag", "value": "demo"}, {"name": "parentSuite", "value": "suites"}, {"name": "suite", "value": "test_suit"}, {"name": "subSuite", "value": "TestFirst"}, {"name": "host", "value": "chuzijie-pc"}, {"name": "thread", "value": "4584-MainThread"}, {"name": "framework", "value": "pytest"}, {"name": "language", "value": "cpython3"}, {"name": "package", "value": "suites.test_suit"}]}